<?xml version="1.0" encoding="UTF-8"?>
<!-- Generated by org.testng.reporters.JUnitReportReporter -->
<testsuite hostname="LAPTOP-OIFNO6MN" failures="0" tests="3" name="Java_Selenium.ActionClassEvent" time="10.231" errors="0" timestamp="2021-12-26T11:01:20 IST" skipped="0">
  <testcase classname="Java_Selenium.ActionClassEvent" name="launchBrowser" time="4.683"/>
  <system-out/>
  <testcase classname="Java_Selenium.ActionClassEvent" name="openApplicationUrl" time="4.527"/>
  <system-out/>
  <testcase classname="Java_Selenium.ActionClassEvent" name="handleMouseEvent" time="1.021"/>
  <system-out/>
</testsuite> <!-- Java_Selenium.ActionClassEvent -->
