<?xml version="1.0" encoding="UTF-8"?>
<!-- Generated by org.testng.reporters.JUnitReportReporter -->
<testsuite hostname="LAPTOP-OIFNO6MN" failures="0" tests="3" name="Java_Selenium.FluentWaitExam2" time="6.697" errors="0" timestamp="2021-12-26T09:56:17 IST" skipped="0">
  <testcase classname="Java_Selenium.FluentWaitExam2" name="launchBrowser" time="3.217"/>
  <system-out/>
  <testcase classname="Java_Selenium.FluentWaitExam2" name="openApplicationUrl" time="2.202"/>
  <system-out/>
  <testcase classname="Java_Selenium.FluentWaitExam2" name="openRegistrationForm" time="1.278"/>
  <system-out/>
</testsuite> <!-- Java_Selenium.FluentWaitExam2 -->
